<?xml version="1.0" encoding="UTF-8"?>
<!-- Generated by org.testng.reporters.JUnitReportReporter -->
<testsuite skipped="0" hostname="Charupc" name="com.roofhub.qa.TestCases.RegisterPageTest" tests="1" failures="0" timestamp="2021-04-15T10:53:39 IST" time="203.114" errors="0">
  <testcase name="verifyRegistration" time="203.114" classname="com.roofhub.qa.TestCases.RegisterPageTest"/>
  <system-out/>
</testsuite> <!-- com.roofhub.qa.TestCases.RegisterPageTest -->
