<?xml version="1.0" encoding="UTF-8"?>
<!-- Generated by org.testng.reporters.JUnitReportReporter -->
<testsuite skipped="1" hostname="Charupc" name="com.roofhub.qa.TestCases.OrderPageTest" tests="3" failures="0" timestamp="2021-04-15T10:53:39 IST" time="181.441" errors="0">
  <testcase name="verifyplaceorder" time="89.510" classname="com.roofhub.qa.TestCases.OrderPageTest"/>
  <system-out/>
  <testcase name="verifyCancelOrder" time="91.931" classname="com.roofhub.qa.TestCases.OrderPageTest"/>
  <system-out/>
  <testcase name="verifyDraftOrder" classname="com.roofhub.qa.TestCases.OrderPageTest">
    <skipped/>
  </testcase> <!-- verifyDraftOrder -->
  <system-out/>
</testsuite> <!-- com.roofhub.qa.TestCases.OrderPageTest -->
